#
# There is insufficient memory for the Java Runtime Environment to continue.
# Native memory allocation (mmap) failed to map 36700160 bytes for Failed to commit area from 0x00000000f2100000 to 0x00000000f4400000 of length 36700160.
# Possible reasons:
#   The system is out of physical RAM or swap space
#   The process is running with CompressedOops enabled, and the Java Heap may be blocking the growth of the native heap
# Possible solutions:
#   Reduce memory load on the system
#   Increase physical memory or swap space
#   Check if swap backing store is full
#   Decrease Java heap size (-Xmx/-Xms)
#   Decrease number of Java threads
#   Decrease Java thread stack sizes (-Xss)
#   Set larger code cache with -XX:ReservedCodeCacheSize=
#   JVM is running with Unscaled Compressed Oops mode in which the Java heap is
#     placed in the first 4GB address space. The Java Heap base address is the
#     maximum limit for the native heap growth. Please use -XX:HeapBaseMinAddress
#     to set the Java Heap base and to place the Java Heap above 4GB virtual address.
# This output file may be truncated or incomplete.
#
#  Out of Memory Error (t:/workspace/open/src/hotspot/os/windows/os_windows.cpp:3254), pid=10476, tid=4996
#
# JRE version: Java(TM) SE Runtime Environment (12.0.1+12) (build 12.0.1+12)
# Java VM: Java HotSpot(TM) 64-Bit Server VM (12.0.1+12, mixed mode, sharing, tiered, compressed oops, g1 gc, windows-amd64)
# No core dump will be written. Minidumps are not enabled by default on client versions of Windows
#

---------------  S U M M A R Y ------------

Command Line: --add-opens=java.base/java.util=ALL-UNNAMED --add-opens=java.base/java.lang=ALL-UNNAMED --add-opens=java.base/java.lang.invoke=ALL-UNNAMED --add-opens=java.prefs/java.util.prefs=ALL-UNNAMED -XX:MaxMetaspaceSize=256m -XX:+HeapDumpOnOutOfMemoryError -Xms256m -Xmx512m -Dfile.encoding=windows-1252 -Duser.country=US -Duser.language=en -Duser.variant org.gradle.launcher.daemon.bootstrap.GradleDaemon 5.4.1

Host: Intel(R) Core(TM) i3-4005U CPU @ 1.70GHz, 4 cores, 7G,  Windows 10 , 64 bit Build 10586 (10.0.10586.589)
Time: Wed Jun 19 19:29:58 2019 India Standard Time elapsed time: 13151 seconds (0d 3h 39m 11s)

---------------  T H R E A D  ---------------

Current thread (0x0000025174f96000):  VMThread "VM Thread" [stack: 0x0000005d15a00000,0x0000005d15b00000] [id=4996]

Stack: [0x0000005d15a00000,0x0000005d15b00000]
[error occurred during error reporting (printing stack bounds), id 0xc0000005, EXCEPTION_ACCESS_VIOLATION (0xc0000005) at pc=0x0000025100000bad]

Native frames: (J=compiled Java code, j=interpreted, Vv=VM code, C=native code)
V  [jvm.dll+0x63948a]
V  [jvm.dll+0x78b31f]
V  [jvm.dll+0x78c9c1]
V  [jvm.dll+0x78cf75]
V  [jvm.dll+0x78cf2b]
V  [jvm.dll+0x638b84]
V  [jvm.dll+0x638f58]
C  [ntdll.dll+0xa9aed]
C  [ntdll.dll+0x34fe9]
C  [ntdll.dll+0xa8bfa]
C  0x0000025100000bad

VM_Operation (0x0000005d156ff710): G1Concurrent, mode: safepoint, requested by thread 0x0000025168cb5000


---------------  P R O C E S S  ---------------

Threads class SMR info:
_java_thread_list=0x000002517c151ef0, length=53, elements={
0x0000025168c8e800, 0x0000025174f9b000, 0x0000025174f9e000, 0x0000025174fb6800,
0x0000025174fb7800, 0x0000025174fb9800, 0x0000025174fbc800, 0x0000025174fbe000,
0x00000251759e3800, 0x0000025175a1e800, 0x0000025176971000, 0x0000025175b1d800,
0x0000025176691800, 0x0000025176c88800, 0x0000025176c87000, 0x0000025176c89800,
0x0000025176c86000, 0x00000251798f7000, 0x00000251798f3000, 0x00000251798f8000,
0x00000251798fd800, 0x0000025176c84800, 0x0000025176c87800, 0x0000025176c85000,
0x00000251798f8800, 0x00000251798f9800, 0x00000251798f4000, 0x00000251798f6800,
0x00000251798fa800, 0x00000251798f4800, 0x00000251798fb000, 0x00000251798f5800,
0x00000251798fe800, 0x0000025179900000, 0x00000251798fd000, 0x00000251798ff000,
0x0000025179901000, 0x0000025179901800, 0x00000251798fc000, 0x0000025177f89800,
0x0000025177f8a800, 0x0000025177f8b800, 0x0000025177f89000, 0x0000025177f88000,
0x0000025177f85800, 0x0000025177f8c000, 0x0000025177f86800, 0x0000025177f8d000,
0x0000025177f87000, 0x0000025177f8f800, 0x0000025177f92000, 0x0000025177f8e800,
0x0000025177f8d800
}

Java Threads: ( => current thread )
  0x0000025168c8e800 JavaThread "main" [_thread_blocked, id=11540, stack(0x0000005d15400000,0x0000005d15500000)]
  0x0000025174f9b000 JavaThread "Reference Handler" daemon [_thread_blocked, id=10512, stack(0x0000005d15b00000,0x0000005d15c00000)]
  0x0000025174f9e000 JavaThread "Finalizer" daemon [_thread_blocked, id=4632, stack(0x0000005d15c00000,0x0000005d15d00000)]
  0x0000025174fb6800 JavaThread "Signal Dispatcher" daemon [_thread_blocked, id=8532, stack(0x0000005d15d00000,0x0000005d15e00000)]
  0x0000025174fb7800 JavaThread "Attach Listener" daemon [_thread_blocked, id=11100, stack(0x0000005d15e00000,0x0000005d15f00000)]
  0x0000025174fb9800 JavaThread "C2 CompilerThread0" daemon [_thread_blocked, id=7780, stack(0x0000005d15f00000,0x0000005d16000000)]
  0x0000025174fbc800 JavaThread "C1 CompilerThread0" daemon [_thread_blocked, id=7680, stack(0x0000005d16000000,0x0000005d16100000)]
  0x0000025174fbe000 JavaThread "Sweeper thread" daemon [_thread_blocked, id=12276, stack(0x0000005d16100000,0x0000005d16200000)]
  0x00000251759e3800 JavaThread "Common-Cleaner" daemon [_thread_blocked, id=7548, stack(0x0000005d16200000,0x0000005d16300000)]
  0x0000025175a1e800 JavaThread "Service Thread" daemon [_thread_blocked, id=11364, stack(0x0000005d16300000,0x0000005d16400000)]
  0x0000025176971000 JavaThread "Daemon health stats" [_thread_blocked, id=9476, stack(0x0000005d16800000,0x0000005d16900000)]
  0x0000025175b1d800 JavaThread "Incoming local TCP Connector on port 54997" [_thread_in_native, id=5024, stack(0x0000005d16900000,0x0000005d16a00000)]
  0x0000025176691800 JavaThread "Daemon periodic checks" [_thread_blocked, id=13420, stack(0x0000005d16a00000,0x0000005d16b00000)]
  0x0000025176c88800 JavaThread "Cache worker for file hash cache (C:\Users\vcareall\.gradle\caches\5.4.1\fileHashes)" [_thread_blocked, id=3908, stack(0x0000005d17200000,0x0000005d17300000)]
  0x0000025176c87000 JavaThread "File lock request listener" [_thread_in_native, id=11864, stack(0x0000005d17300000,0x0000005d17400000)]
  0x0000025176c89800 JavaThread "Cache worker for journal cache (C:\Users\vcareall\.gradle\caches\journal-1)" [_thread_blocked, id=8300, stack(0x0000005d17400000,0x0000005d17500000)]
  0x0000025176c86000 JavaThread "Cache worker for execution history cache (C:\Users\vcareall\.gradle\caches\5.4.1\executionHistory)" [_thread_blocked, id=8240, stack(0x0000005d17e00000,0x0000005d17f00000)]
  0x00000251798f7000 JavaThread "Memory manager" [_thread_blocked, id=4540, stack(0x0000005d18d00000,0x0000005d18e00000)]
  0x00000251798f3000 JavaThread "Cache worker for file content cache (C:\Users\vcareall\.gradle\caches\5.4.1\fileContent)" [_thread_blocked, id=7148, stack(0x0000005d18e00000,0x0000005d18f00000)]
  0x00000251798f8000 JavaThread "Monitor" [_thread_in_native, id=1820, stack(0x0000005d19700000,0x0000005d19800000)]
  0x00000251798fd800 JavaThread "Device List Monitor" [_thread_in_native, id=2236, stack(0x0000005d19b00000,0x0000005d19c00000)]
  0x0000025176c84800 JavaThread "Daemon Thread 14" [_thread_blocked, id=13276, stack(0x0000005d2c900000,0x0000005d2ca00000)]
  0x0000025176c87800 JavaThread "Handler for socket connection from /127.0.0.1:54997 to /127.0.0.1:53554" [_thread_in_native, id=8364, stack(0x0000005d2ca00000,0x0000005d2cb00000)]
  0x0000025176c85000 JavaThread "Cancel handler" [_thread_blocked, id=10996, stack(0x0000005d2cb00000,0x0000005d2cc00000)]
  0x00000251798f8800 JavaThread "Daemon worker Thread 14" [_thread_blocked, id=13168, stack(0x0000005d2cc00000,0x0000005d2cd00000)]
  0x00000251798f9800 JavaThread "Asynchronous log dispatcher for DefaultDaemonConnection: socket connection from /127.0.0.1:54997 to /127.0.0.1:53554" [_thread_blocked, id=4772, stack(0x0000005d2cd00000,0x0000005d2ce00000)]
  0x00000251798f4000 JavaThread "Stdin handler" [_thread_blocked, id=5916, stack(0x0000005d2ce00000,0x0000005d2cf00000)]
  0x00000251798f6800 JavaThread "Thread-292" [_thread_blocked, id=10516, stack(0x0000005d2cf00000,0x0000005d2d000000)]
  0x00000251798fa800 JavaThread "Cache worker for file hash cache (F:\aditya\reactnative\GuyHub\android\.gradle\5.4.1\fileHashes)" [_thread_blocked, id=10204, stack(0x0000005d2d000000,0x0000005d2d100000)]
  0x00000251798f4800 JavaThread "Cache worker for cache directory md-supplier (C:\Users\vcareall\.gradle\caches\5.4.1\md-supplier)" [_thread_blocked, id=1420, stack(0x0000005d2d100000,0x0000005d2d200000)]
  0x00000251798fb000 JavaThread "Cache worker for cache directory md-rule (C:\Users\vcareall\.gradle\caches\5.4.1\md-rule)" [_thread_blocked, id=4228, stack(0x0000005d2d200000,0x0000005d2d300000)]
  0x00000251798f5800 JavaThread "Build operations" [_thread_blocked, id=12768, stack(0x0000005d2d300000,0x0000005d2d400000)]
  0x00000251798fe800 JavaThread "Build operations Thread 2" [_thread_blocked, id=2564, stack(0x0000005d2d400000,0x0000005d2d500000)]
  0x0000025179900000 JavaThread "Build operations Thread 3" [_thread_blocked, id=2132, stack(0x0000005d2d500000,0x0000005d2d600000)]
  0x00000251798fd000 JavaThread "Build operations Thread 4" [_thread_blocked, id=13700, stack(0x0000005d2d600000,0x0000005d2d700000)]
  0x00000251798ff000 JavaThread "Cache worker for Build Output Cleanup Cache (F:\aditya\reactnative\GuyHub\android\.gradle\buildOutputCleanup)" [_thread_blocked, id=11108, stack(0x0000005d2d800000,0x0000005d2d900000)]
  0x0000025179901000 JavaThread "Cache worker for file content cache (F:\aditya\reactnative\GuyHub\android\.gradle\5.4.1\fileContent)" [_thread_blocked, id=12864, stack(0x0000005d2dc00000,0x0000005d2dd00000)]
  0x0000025179901800 JavaThread "Execution worker for ':'" [_thread_blocked, id=11856, stack(0x0000005d2de00000,0x0000005d2df00000)]
  0x00000251798fc000 JavaThread "Execution worker for ':' Thread 2" [_thread_blocked, id=14776, stack(0x0000005d2df00000,0x0000005d2e000000)]
  0x0000025177f89800 JavaThread "Execution worker for ':' Thread 3" [_thread_blocked, id=9268, stack(0x0000005d2e000000,0x0000005d2e100000)]
  0x0000025177f8a800 JavaThread "Cache worker for execution history cache (F:\aditya\reactnative\GuyHub\android\.gradle\5.4.1\executionHistory)" [_thread_blocked, id=7200, stack(0x0000005d2e100000,0x0000005d2e200000)]
  0x0000025177f8b800 JavaThread "Cache worker for Java compile cache (C:\Users\vcareall\.gradle\caches\5.4.1\javaCompile)" [_thread_blocked, id=9996, stack(0x0000005d2e400000,0x0000005d2e500000)]
  0x0000025177f89000 JavaThread "Cache worker for Java compile cache (F:\aditya\reactnative\GuyHub\android\.gradle\5.4.1\javaCompile)" [_thread_blocked, id=5040, stack(0x0000005d2e500000,0x0000005d2e600000)]
  0x0000025177f88000 JavaThread "ForkJoinPool.commonPool-worker-3" daemon [_thread_blocked, id=5704, stack(0x0000005d2e700000,0x0000005d2e800000)]
  0x0000025177f85800 JavaThread "ForkJoinPool.commonPool-worker-7" daemon [_thread_blocked, id=9260, stack(0x0000005d2e900000,0x0000005d2ea00000)]
  0x0000025177f8c000 JavaThread "ForkJoinPool.commonPool-worker-5" daemon [_thread_blocked, id=7340, stack(0x0000005d2ea00000,0x0000005d2eb00000)]
  0x0000025177f86800 JavaThread "pool-16-thread-1" [_thread_blocked, id=8184, stack(0x0000005d2eb00000,0x0000005d2ec00000)]
  0x0000025177f8d000 JavaThread "stderr" daemon [_thread_in_native, id=10192, stack(0x0000005d2ec00000,0x0000005d2ed00000)]
  0x0000025177f87000 JavaThread "stdout" daemon [_thread_in_native, id=9240, stack(0x0000005d2ed00000,0x0000005d2ee00000)]
  0x0000025177f8f800 JavaThread "stderr" daemon [_thread_in_native, id=6268, stack(0x0000005d2ee00000,0x0000005d2ef00000)]
  0x0000025177f92000 JavaThread "stdout" daemon [_thread_in_native, id=14712, stack(0x0000005d2ef00000,0x0000005d2f000000)]
  0x0000025177f8e800 JavaThread "stderr" daemon [_thread_in_native, id=6796, stack(0x0000005d2f000000,0x0000005d2f100000)]
  0x0000025177f8d800 JavaThread "stdout" daemon [_thread_in_native, id=14968, stack(0x0000005d2f100000,0x0000005d2f200000)]

Other Threads:
=>0x0000025174f96000 VMThread "VM Thread" [stack: 0x0000005d15a00000,0x0000005d15b00000] [id=4996]
  0x0000025175a11800 WatcherThread [stack: 0x0000005d16400000,0x0000005d16500000] [id=592]
  0x0000025168caf800 GCTaskThread "GC Thread#0" [stack: 0x0000005d15500000,0x0000005d15600000] [id=12916]
  0x00000251760c9000 GCTaskThread "GC Thread#1" [stack: 0x0000005d16500000,0x0000005d16600000] [id=3860]
  0x00000251762a5800 GCTaskThread "GC Thread#2" [stack: 0x0000005d16600000,0x0000005d16700000] [id=7140]
  0x00000251762aa800 GCTaskThread "GC Thread#3" [stack: 0x0000005d16700000,0x0000005d16800000] [id=13928]
  0x0000025168cb5000 ConcurrentGCThread "G1 Main Marker" [stack: 0x0000005d15600000,0x0000005d15700000] [id=14800]
  0x0000025168cb6800 ConcurrentGCThread "G1 Conc#0" [stack: 0x0000005d15700000,0x0000005d15800000] [id=13884]
  0x0000025168d7d800 ConcurrentGCThread "G1 Refine#0" [stack: 0x0000005d15800000,0x0000005d15900000] [id=12656]
  0x0000025178515800 ConcurrentGCThread "G1 Refine#1" [stack: 0x0000005d2fd00000,0x0000005d2fe00000] [id=15248]
  0x0000025174e4a800 ConcurrentGCThread "G1 Young RemSet Sampling" [stack: 0x0000005d15900000,0x0000005d15a00000] [id=12944]

Threads with active compile tasks:
C2 CompilerThread0  23560 %     4       java.util.TimSort::mergeHi @ 191 (732 bytes)

VM state:at safepoint (normal execution)

VM Mutex/Monitor currently owned by a thread:  ([mutex/lock_event])
[0x0000025168c8a510] Threads_lock - owner thread: 0x0000025174f96000
[0x0000025168c8b4d0] Heap_lock - owner thread: 0x0000025168cb5000

Heap address: 0x00000000e0000000, size: 512 MB, Compressed Oops mode: 32-bit
Narrow klass base: 0x0000000800000000, Narrow klass shift: 3
Compressed class space size: 260046848 Address: 0x00000008011a0000

Heap:
 garbage-first heap   total 331776K, used 195178K [0x00000000e0000000, 0x0000000100000000)
  region size 1024K, 8 young (8192K), 6 survivors (6144K)
 Metaspace       used 103471K, capacity 106263K, committed 106460K, reserved 348160K
  class space    used 12395K, capacity 13382K, committed 13568K, reserved 253952K
Heap Regions: E=young(eden), S=young(survivor), O=old, HS=humongous(starts), HC=humongous(continues), CS=collection set, F=free, A=archive, TAMS=top-at-mark-start (previous, next)
|   0|0x00000000e0000000, 0x00000000e0100000, 0x00000000e0100000|100%| O|  |TAMS 0x00000000e0100000, 0x00000000e0000000| Updating 
|   1|0x00000000e0100000, 0x00000000e0200000, 0x00000000e0200000|100%| O|  |TAMS 0x00000000e0200000, 0x00000000e0100000| Updating 
|   2|0x00000000e0200000, 0x00000000e0300000, 0x00000000e0300000|100%|HS|  |TAMS 0x00000000e0300000, 0x00000000e0200000| Complete 
|   3|0x00000000e0300000, 0x00000000e0400000, 0x00000000e0400000|100%|HS|  |TAMS 0x00000000e0400000, 0x00000000e0300000| Complete 
|   4|0x00000000e0400000, 0x00000000e0500000, 0x00000000e0500000|100%|HC|  |TAMS 0x00000000e0500000, 0x00000000e0400000| Complete 
|   5|0x00000000e0500000, 0x00000000e0600000, 0x00000000e0600000|100%| O|  |TAMS 0x00000000e0600000, 0x00000000e0500000| Updating 
|   6|0x00000000e0600000, 0x00000000e0700000, 0x00000000e0700000|100%| O|  |TAMS 0x00000000e0700000, 0x00000000e0600000| Updating 
|   7|0x00000000e0700000, 0x00000000e0800000, 0x00000000e0800000|100%| O|  |TAMS 0x00000000e0800000, 0x00000000e0700000| Updating 
|   8|0x00000000e0800000, 0x00000000e0900000, 0x00000000e0900000|100%| O|  |TAMS 0x00000000e0900000, 0x00000000e0800000| Updating 
|   9|0x00000000e0900000, 0x00000000e0a00000, 0x00000000e0a00000|100%| O|  |TAMS 0x00000000e0a00000, 0x00000000e0900000| Updating 
|  10|0x00000000e0a00000, 0x00000000e0b00000, 0x00000000e0b00000|100%| O|  |TAMS 0x00000000e0b00000, 0x00000000e0a00000| Updating 
|  11|0x00000000e0b00000, 0x00000000e0c00000, 0x00000000e0c00000|100%| O|  |TAMS 0x00000000e0c00000, 0x00000000e0b00000| Updating 
|  12|0x00000000e0c00000, 0x00000000e0d00000, 0x00000000e0d00000|100%| O|  |TAMS 0x00000000e0d00000, 0x00000000e0c00000| Updating 
|  13|0x00000000e0d00000, 0x00000000e0e00000, 0x00000000e0e00000|100%|HS|  |TAMS 0x00000000e0e00000, 0x00000000e0d00000| Complete 
|  14|0x00000000e0e00000, 0x00000000e0f00000, 0x00000000e0f00000|100%|HC|  |TAMS 0x00000000e0f00000, 0x00000000e0e00000| Complete 
|  15|0x00000000e0f00000, 0x00000000e1000000, 0x00000000e1000000|100%|HC|  |TAMS 0x00000000e1000000, 0x00000000e0f00000| Complete 
|  16|0x00000000e1000000, 0x00000000e1100000, 0x00000000e1100000|100%|HS|  |TAMS 0x00000000e1100000, 0x00000000e1000000| Complete 
|  17|0x00000000e1100000, 0x00000000e1200000, 0x00000000e1200000|100%|HC|  |TAMS 0x00000000e1200000, 0x00000000e1100000| Complete 
|  18|0x00000000e1200000, 0x00000000e1300000, 0x00000000e1300000|100%| O|  |TAMS 0x00000000e1300000, 0x00000000e1200000| Updating 
|  19|0x00000000e1300000, 0x00000000e1400000, 0x00000000e1400000|100%| O|  |TAMS 0x00000000e1400000, 0x00000000e1300000| Updating 
|  20|0x00000000e1400000, 0x00000000e1500000, 0x00000000e1500000|100%| O|  |TAMS 0x00000000e1500000, 0x00000000e1400000| Updating 
|  21|0x00000000e1500000, 0x00000000e1600000, 0x00000000e1600000|100%| O|  |TAMS 0x00000000e1600000, 0x00000000e1500000| Updating 
|  22|0x00000000e1600000, 0x00000000e1700000, 0x00000000e1700000|100%| O|  |TAMS 0x00000000e1700000, 0x00000000e1600000| Updating 
|  23|0x00000000e1700000, 0x00000000e1800000, 0x00000000e1800000|100%| O|  |TAMS 0x00000000e1800000, 0x00000000e1700000| Updating 
|  24|0x00000000e1800000, 0x00000000e1900000, 0x00000000e1900000|100%| O|  |TAMS 0x00000000e1900000, 0x00000000e1800000| Updating 
|  25|0x00000000e1900000, 0x00000000e1a00000, 0x00000000e1a00000|100%| O|  |TAMS 0x00000000e1a00000, 0x00000000e1900000| Updating 
|  26|0x00000000e1a00000, 0x00000000e1b00000, 0x00000000e1b00000|100%| O|  |TAMS 0x00000000e1b00000, 0x00000000e1a00000| Updating 
|  27|0x00000000e1b00000, 0x00000000e1c00000, 0x00000000e1c00000|100%| O|  |TAMS 0x00000000e1c00000, 0x00000000e1b00000| Updating 
|  28|0x00000000e1c00000, 0x00000000e1d00000, 0x00000000e1d00000|100%| O|  |TAMS 0x00000000e1d00000, 0x00000000e1c00000| Updating 
|  29|0x00000000e1d00000, 0x00000000e1e00000, 0x00000000e1e00000|100%| O|  |TAMS 0x00000000e1e00000, 0x00000000e1d00000| Updating 
|  30|0x00000000e1e00000, 0x00000000e1f00000, 0x00000000e1f00000|100%| O|  |TAMS 0x00000000e1f00000, 0x00000000e1e00000| Updating 
|  31|0x00000000e1f00000, 0x00000000e2000000, 0x00000000e2000000|100%| O|  |TAMS 0x00000000e2000000, 0x00000000e1f00000| Updating 
|  32|0x00000000e2000000, 0x00000000e2000000, 0x00000000e2100000|  0%| F|  |TAMS 0x00000000e2000000, 0x00000000e2000000| Untracked 
|  33|0x00000000e2100000, 0x00000000e2200000, 0x00000000e2200000|100%| O|  |TAMS 0x00000000e2200000, 0x00000000e2100000| Updating 
|  34|0x00000000e2200000, 0x00000000e2300000, 0x00000000e2300000|100%| O|  |TAMS 0x00000000e2300000, 0x00000000e2200000| Updating 
|  35|0x00000000e2300000, 0x00000000e2400000, 0x00000000e2400000|100%| O|  |TAMS 0x00000000e2400000, 0x00000000e2300000| Updating 
|  36|0x00000000e2400000, 0x00000000e2500000, 0x00000000e2500000|100%| O|  |TAMS 0x00000000e2500000, 0x00000000e2400000| Updating 
|  37|0x00000000e2500000, 0x00000000e2600000, 0x00000000e2600000|100%| O|  |TAMS 0x00000000e2600000, 0x00000000e2500000| Updating 
|  38|0x00000000e2600000, 0x00000000e2600000, 0x00000000e2700000|  0%| F|  |TAMS 0x00000000e2600000, 0x00000000e2600000| Untracked 
|  39|0x00000000e2700000, 0x00000000e2700000, 0x00000000e2800000|  0%| F|  |TAMS 0x00000000e2700000, 0x00000000e2700000| Untracked 
|  40|0x00000000e2800000, 0x00000000e2800000, 0x00000000e2900000|  0%| F|  |TAMS 0x00000000e2800000, 0x00000000e2800000| Untracked 
|  41|0x00000000e2900000, 0x00000000e2a00000, 0x00000000e2a00000|100%| O|  |TAMS 0x00000000e2a00000, 0x00000000e2900000| Updating 
|  42|0x00000000e2a00000, 0x00000000e2b00000, 0x00000000e2b00000|100%| O|  |TAMS 0x00000000e2b00000, 0x00000000e2a00000| Updating 
|  43|0x00000000e2b00000, 0x00000000e2c00000, 0x00000000e2c00000|100%| O|  |TAMS 0x00000000e2c00000, 0x00000000e2b00000| Updating 
|  44|0x00000000e2c00000, 0x00000000e2d00000, 0x00000000e2d00000|100%| O|  |TAMS 0x00000000e2d00000, 0x00000000e2c00000| Updating 
|  45|0x00000000e2d00000, 0x00000000e2d00000, 0x00000000e2e00000|  0%| F|  |TAMS 0x00000000e2d00000, 0x00000000e2d00000| Untracked 
|  46|0x00000000e2e00000, 0x00000000e2f00000, 0x00000000e2f00000|100%| O|  |TAMS 0x00000000e2f00000, 0x00000000e2e00000| Updating 
|  47|0x00000000e2f00000, 0x00000000e3000000, 0x00000000e3000000|100%| O|  |TAMS 0x00000000e3000000, 0x00000000e2f00000| Updating 
|  48|0x00000000e3000000, 0x00000000e3100000, 0x00000000e3100000|100%| O|  |TAMS 0x00000000e3100000, 0x00000000e3000000| Updating 
|  49|0x00000000e3100000, 0x00000000e3200000, 0x00000000e3200000|100%| O|  |TAMS 0x00000000e3200000, 0x00000000e3100000| Updating 
|  50|0x00000000e3200000, 0x00000000e3300000, 0x00000000e3300000|100%| O|  |TAMS 0x00000000e3300000, 0x00000000e3200000| Updating 
|  51|0x00000000e3300000, 0x00000000e3400000, 0x00000000e3400000|100%| O|  |TAMS 0x00000000e3400000, 0x00000000e3300000| Updating 
|  52|0x00000000e3400000, 0x00000000e3500000, 0x00000000e3500000|100%| O|  |TAMS 0x00000000e3500000, 0x00000000e3400000| Updating 
|  53|0x00000000e3500000, 0x00000000e3600000, 0x00000000e3600000|100%| O|  |TAMS 0x00000000e3600000, 0x00000000e3500000| Updating 
|  54|0x00000000e3600000, 0x00000000e3700000, 0x00000000e3700000|100%| O|  |TAMS 0x00000000e3700000, 0x00000000e3600000| Updating 
|  55|0x00000000e3700000, 0x00000000e3800000, 0x00000000e3800000|100%| O|  |TAMS 0x00000000e3800000, 0x00000000e3700000| Updating 
|  56|0x00000000e3800000, 0x00000000e3800000, 0x00000000e3900000|  0%| F|  |TAMS 0x00000000e3800000, 0x00000000e3800000| Untracked 
|  57|0x00000000e3900000, 0x00000000e3900000, 0x00000000e3a00000|  0%| F|  |TAMS 0x00000000e3900000, 0x00000000e3900000| Untracked 
|  58|0x00000000e3a00000, 0x00000000e3b00000, 0x00000000e3b00000|100%| O|  |TAMS 0x00000000e3aa9000, 0x00000000e3a00000| Updating 
|  59|0x00000000e3b00000, 0x00000000e3b00000, 0x00000000e3c00000|  0%| F|  |TAMS 0x00000000e3b00000, 0x00000000e3b00000| Untracked 
|  60|0x00000000e3c00000, 0x00000000e3d00000, 0x00000000e3d00000|100%| O|  |TAMS 0x00000000e3d00000, 0x00000000e3c00000| Updating 
|  61|0x00000000e3d00000, 0x00000000e3d00000, 0x00000000e3e00000|  0%| F|  |TAMS 0x00000000e3d00000, 0x00000000e3d00000| Untracked 
|  62|0x00000000e3e00000, 0x00000000e3e00000, 0x00000000e3f00000|  0%| F|  |TAMS 0x00000000e3e00000, 0x00000000e3e00000| Untracked 
|  63|0x00000000e3f00000, 0x00000000e4000000, 0x00000000e4000000|100%| O|  |TAMS 0x00000000e4000000, 0x00000000e3f00000| Updating 
|  64|0x00000000e4000000, 0x00000000e4100000, 0x00000000e4100000|100%| O|  |TAMS 0x00000000e4100000, 0x00000000e4000000| Updating 
|  65|0x00000000e4100000, 0x00000000e4200000, 0x00000000e4200000|100%| O|  |TAMS 0x00000000e4200000, 0x00000000e4100000| Updating 
|  66|0x00000000e4200000, 0x00000000e4300000, 0x00000000e4300000|100%| O|  |TAMS 0x00000000e4300000, 0x00000000e4200000| Updating 
|  67|0x00000000e4300000, 0x00000000e4400000, 0x00000000e4400000|100%| O|  |TAMS 0x00000000e4400000, 0x00000000e4300000| Updating 
|  68|0x00000000e4400000, 0x00000000e4500000, 0x00000000e4500000|100%| O|  |TAMS 0x00000000e4500000, 0x00000000e4400000| Updating 
|  69|0x00000000e4500000, 0x00000000e4600000, 0x00000000e4600000|100%| O|  |TAMS 0x00000000e4600000, 0x00000000e4500000| Updating 
|  70|0x00000000e4600000, 0x00000000e4600000, 0x00000000e4700000|  0%| F|  |TAMS 0x00000000e4600000, 0x00000000e4600000| Untracked 
|  71|0x00000000e4700000, 0x00000000e4700000, 0x00000000e4800000|  0%| F|  |TAMS 0x00000000e4700000, 0x00000000e4700000| Untracked 
|  72|0x00000000e4800000, 0x00000000e4900000, 0x00000000e4900000|100%|HS|  |TAMS 0x00000000e4900000, 0x00000000e4800000| Complete 
|  73|0x00000000e4900000, 0x00000000e4a00000, 0x00000000e4a00000|100%|HS|  |TAMS 0x00000000e4900000, 0x00000000e4900000| Complete 
|  74|0x00000000e4a00000, 0x00000000e4a00000, 0x00000000e4b00000|  0%| F|  |TAMS 0x00000000e4a00000, 0x00000000e4a00000| Untracked 
|  75|0x00000000e4b00000, 0x00000000e4c00000, 0x00000000e4c00000|100%| O|  |TAMS 0x00000000e4c00000, 0x00000000e4b00000| Updating 
|  76|0x00000000e4c00000, 0x00000000e4c00000, 0x00000000e4d00000|  0%| F|  |TAMS 0x00000000e4c00000, 0x00000000e4c00000| Untracked 
|  77|0x00000000e4d00000, 0x00000000e4d00000, 0x00000000e4e00000|  0%| F|  |TAMS 0x00000000e4d00000, 0x00000000e4d00000| Untracked 
|  78|0x00000000e4e00000, 0x00000000e4e00000, 0x00000000e4f00000|  0%| F|  |TAMS 0x00000000e4e00000, 0x00000000e4e00000| Untracked 
|  79|0x00000000e4f00000, 0x00000000e4f00000, 0x00000000e5000000|  0%| F|  |TAMS 0x00000000e4f00000, 0x00000000e4f00000| Untracked 
|  80|0x00000000e5000000, 0x00000000e5100000, 0x00000000e5100000|100%| O|  |TAMS 0x00000000e5100000, 0x00000000e5000000| Updating 
|  81|0x00000000e5100000, 0x00000000e5200000, 0x00000000e5200000|100%| O|  |TAMS 0x00000000e5200000, 0x00000000e5100000| Updating 
|  82|0x00000000e5200000, 0x00000000e5200000, 0x00000000e5300000|  0%| F|  |TAMS 0x00000000e5200000, 0x00000000e5200000| Untracked 
|  83|0x00000000e5300000, 0x00000000e5400000, 0x00000000e5400000|100%| O|  |TAMS 0x00000000e5400000, 0x00000000e5300000| Updating 
|  84|0x00000000e5400000, 0x00000000e5500000, 0x00000000e5500000|100%| O|  |TAMS 0x00000000e5500000, 0x00000000e5400000| Updating 
|  85|0x00000000e5500000, 0x00000000e5500000, 0x00000000e5600000|  0%| F|  |TAMS 0x00000000e5500000, 0x00000000e5500000| Untracked 
|  86|0x00000000e5600000, 0x00000000e5600000, 0x00000000e5700000|  0%| F|  |TAMS 0x00000000e5600000, 0x00000000e5600000| Untracked 
|  87|0x00000000e5700000, 0x00000000e5700000, 0x00000000e5800000|  0%| F|  |TAMS 0x00000000e5700000, 0x00000000e5700000| Untracked 
|  88|0x00000000e5800000, 0x00000000e5800000, 0x00000000e5900000|  0%| F|  |TAMS 0x00000000e5800000, 0x00000000e5800000| Untracked 
|  89|0x00000000e5900000, 0x00000000e5a00000, 0x00000000e5a00000|100%| O|  |TAMS 0x00000000e5a00000, 0x00000000e5900000| Updating 
|  90|0x00000000e5a00000, 0x00000000e5a00000, 0x00000000e5b00000|  0%| F|  |TAMS 0x00000000e5a00000, 0x00000000e5a00000| Untracked 
|  91|0x00000000e5b00000, 0x00000000e5b00000, 0x00000000e5c00000|  0%| F|  |TAMS 0x00000000e5b00000, 0x00000000e5b00000| Untracked 
|  92|0x00000000e5c00000, 0x00000000e5d00000, 0x00000000e5d00000|100%| O|  |TAMS 0x00000000e5d00000, 0x00000000e5c00000| Updating 
|  93|0x00000000e5d00000, 0x00000000e5e00000, 0x00000000e5e00000|100%| O|  |TAMS 0x00000000e5e00000, 0x00000000e5d00000| Updating 
|  94|0x00000000e5e00000, 0x00000000e5f00000, 0x00000000e5f00000|100%| O|  |TAMS 0x00000000e5f00000, 0x00000000e5e00000| Updating 
|  95|0x00000000e5f00000, 0x00000000e6000000, 0x00000000e6000000|100%| O|  |TAMS 0x00000000e6000000, 0x00000000e5f00000| Updating 
|  96|0x00000000e6000000, 0x00000000e6100000, 0x00000000e6100000|100%| O|  |TAMS 0x00000000e6100000, 0x00000000e6000000| Updating 
|  97|0x00000000e6100000, 0x00000000e6200000, 0x00000000e6200000|100%| O|  |TAMS 0x00000000e6200000, 0x00000000e6100000| Updating 
|  98|0x00000000e6200000, 0x00000000e6300000, 0x00000000e6300000|100%| O|  |TAMS 0x00000000e6300000, 0x00000000e6200000| Updating 
|  99|0x00000000e6300000, 0x00000000e6400000, 0x00000000e6400000|100%| O|  |TAMS 0x00000000e6400000, 0x00000000e6300000| Updating 
| 100|0x00000000e6400000, 0x00000000e6500000, 0x00000000e6500000|100%| O|  |TAMS 0x00000000e6500000, 0x00000000e6400000| Updating 
| 101|0x00000000e6500000, 0x00000000e6600000, 0x00000000e6600000|100%| O|  |TAMS 0x00000000e6600000, 0x00000000e6500000| Updating 
| 102|0x00000000e6600000, 0x00000000e6700000, 0x00000000e6700000|100%| O|  |TAMS 0x00000000e6700000, 0x00000000e6600000| Updating 
| 103|0x00000000e6700000, 0x00000000e6800000, 0x00000000e6800000|100%|HS|  |TAMS 0x00000000e6700000, 0x00000000e6700000| Complete 
| 104|0x00000000e6800000, 0x00000000e6900000, 0x00000000e6900000|100%|HC|  |TAMS 0x00000000e6800000, 0x00000000e6800000| Complete 
| 105|0x00000000e6900000, 0x00000000e6900000, 0x00000000e6a00000|  0%| F|  |TAMS 0x00000000e6900000, 0x00000000e6900000| Untracked 
| 106|0x00000000e6a00000, 0x00000000e6b00000, 0x00000000e6b00000|100%| O|  |TAMS 0x00000000e6b00000, 0x00000000e6a00000| Updating 
| 107|0x00000000e6b00000, 0x00000000e6c00000, 0x00000000e6c00000|100%| O|  |TAMS 0x00000000e6c00000, 0x00000000e6b00000| Updating 
| 108|0x00000000e6c00000, 0x00000000e6d00000, 0x00000000e6d00000|100%| O|  |TAMS 0x00000000e6d00000, 0x00000000e6c00000| Updating 
| 109|0x00000000e6d00000, 0x00000000e6e00000, 0x00000000e6e00000|100%|HS|  |TAMS 0x00000000e6e00000, 0x00000000e6d00000| Complete 
| 110|0x00000000e6e00000, 0x00000000e6f00000, 0x00000000e6f00000|100%|HC|  |TAMS 0x00000000e6f00000, 0x00000000e6e00000| Complete 
| 111|0x00000000e6f00000, 0x00000000e7000000, 0x00000000e7000000|100%| O|  |TAMS 0x00000000e7000000, 0x00000000e6f00000| Updating 
| 112|0x00000000e7000000, 0x00000000e7100000, 0x00000000e7100000|100%| O|  |TAMS 0x00000000e7100000, 0x00000000e7000000| Updating 
| 113|0x00000000e7100000, 0x00000000e7100000, 0x00000000e7200000|  0%| F|  |TAMS 0x00000000e7100000, 0x00000000e7100000| Untracked 
| 114|0x00000000e7200000, 0x00000000e7200000, 0x00000000e7300000|  0%| F|  |TAMS 0x00000000e7200000, 0x00000000e7200000| Untracked 
| 115|0x00000000e7300000, 0x00000000e7300000, 0x00000000e7400000|  0%| F|  |TAMS 0x00000000e7300000, 0x00000000e7300000| Untracked 
| 116|0x00000000e7400000, 0x00000000e7400000, 0x00000000e7500000|  0%| F|  |TAMS 0x00000000e7400000, 0x00000000e7400000| Untracked 
| 117|0x00000000e7500000, 0x00000000e7500000, 0x00000000e7600000|  0%| F|  |TAMS 0x00000000e7500000, 0x00000000e7500000| Untracked 
| 118|0x00000000e7600000, 0x00000000e7700000, 0x00000000e7700000|100%| O|  |TAMS 0x00000000e7700000, 0x00000000e7600000| Updating 
| 119|0x00000000e7700000, 0x00000000e7700000, 0x00000000e7800000|  0%| F|  |TAMS 0x00000000e7700000, 0x00000000e7700000| Untracked 
| 120|0x00000000e7800000, 0x00000000e7800000, 0x00000000e7900000|  0%| F|  |TAMS 0x00000000e7800000, 0x00000000e7800000| Untracked 
| 121|0x00000000e7900000, 0x00000000e7900000, 0x00000000e7a00000|  0%| F|  |TAMS 0x00000000e7900000, 0x00000000e7900000| Untracked 
| 122|0x00000000e7a00000, 0x00000000e7a00000, 0x00000000e7b00000|  0%| F|  |TAMS 0x00000000e7a00000, 0x00000000e7a00000| Untracked 
| 123|0x00000000e7b00000, 0x00000000e7b00000, 0x00000000e7c00000|  0%| F|  |TAMS 0x00000000e7b00000, 0x00000000e7b00000| Untracked 
| 124|0x00000000e7c00000, 0x00000000e7d00000, 0x00000000e7d00000|100%| O|  |TAMS 0x00000000e7d00000, 0x00000000e7c00000| Updating 
| 125|0x00000000e7d00000, 0x00000000e7e00000, 0x00000000e7e00000|100%| O|  |TAMS 0x00000000e7e00000, 0x00000000e7d00000| Updating 
| 126|0x00000000e7e00000, 0x00000000e7e00000, 0x00000000e7f00000|  0%| F|  |TAMS 0x00000000e7e00000, 0x00000000e7e00000| Untracked 
| 127|0x00000000e7f00000, 0x00000000e8000000, 0x00000000e8000000|100%| O|  |TAMS 0x00000000e8000000, 0x00000000e7f00000| Updating 
| 128|0x00000000e8000000, 0x00000000e8000000, 0x00000000e8100000|  0%| F|  |TAMS 0x00000000e8000000, 0x00000000e8000000| Untracked 
| 129|0x00000000e8100000, 0x00000000e8200000, 0x00000000e8200000|100%| O|  |TAMS 0x00000000e8200000, 0x00000000e8100000| Updating 
| 130|0x00000000e8200000, 0x00000000e8200000, 0x00000000e8300000|  0%| F|  |TAMS 0x00000000e8200000, 0x00000000e8200000| Untracked 
| 131|0x00000000e8300000, 0x00000000e8300000, 0x00000000e8400000|  0%| F|  |TAMS 0x00000000e8300000, 0x00000000e8300000| Untracked 
| 132|0x00000000e8400000, 0x00000000e8400000, 0x00000000e8500000|  0%| F|  |TAMS 0x00000000e8400000, 0x00000000e8400000| Untracked 
| 133|0x00000000e8500000, 0x00000000e8500000, 0x00000000e8600000|  0%| F|  |TAMS 0x00000000e8500000, 0x00000000e8500000| Untracked 
| 134|0x00000000e8600000, 0x00000000e8700000, 0x00000000e8700000|100%| O|  |TAMS 0x00000000e8700000, 0x00000000e8600000| Updating 
| 135|0x00000000e8700000, 0x00000000e8800000, 0x00000000e8800000|100%| O|  |TAMS 0x00000000e8800000, 0x00000000e8700000| Updating 
| 136|0x00000000e8800000, 0x00000000e8900000, 0x00000000e8900000|100%| O|  |TAMS 0x00000000e8900000, 0x00000000e8800000| Updating 
| 137|0x00000000e8900000, 0x00000000e8a00000, 0x00000000e8a00000|100%| O|  |TAMS 0x00000000e8a00000, 0x00000000e8900000| Updating 
| 138|0x00000000e8a00000, 0x00000000e8b00000, 0x00000000e8b00000|100%| O|  |TAMS 0x00000000e8b00000, 0x00000000e8a00000| Updating 
| 139|0x00000000e8b00000, 0x00000000e8b00000, 0x00000000e8c00000|  0%| F|  |TAMS 0x00000000e8b00000, 0x00000000e8b00000| Untracked 
| 140|0x00000000e8c00000, 0x00000000e8d00000, 0x00000000e8d00000|100%| O|  |TAMS 0x00000000e8d00000, 0x00000000e8c00000| Updating 
| 141|0x00000000e8d00000, 0x00000000e8e00000, 0x00000000e8e00000|100%|HS|  |TAMS 0x00000000e8e00000, 0x00000000e8d00000| Complete 
| 142|0x00000000e8e00000, 0x00000000e8f00000, 0x00000000e8f00000|100%|HC|  |TAMS 0x00000000e8f00000, 0x00000000e8e00000| Complete 
| 143|0x00000000e8f00000, 0x00000000e9000000, 0x00000000e9000000|100%|HC|  |TAMS 0x00000000e9000000, 0x00000000e8f00000| Complete 
| 144|0x00000000e9000000, 0x00000000e9100000, 0x00000000e9100000|100%|HS|  |TAMS 0x00000000e9000000, 0x00000000e9000000| Complete 
| 145|0x00000000e9100000, 0x00000000e9200000, 0x00000000e9200000|100%|HC|  |TAMS 0x00000000e9100000, 0x00000000e9100000| Complete 
| 146|0x00000000e9200000, 0x00000000e9300000, 0x00000000e9300000|100%|HC|  |TAMS 0x00000000e9200000, 0x00000000e9200000| Complete 
| 147|0x00000000e9300000, 0x00000000e9400000, 0x00000000e9400000|100%|HS|  |TAMS 0x00000000e9400000, 0x00000000e9300000| Complete 
| 148|0x00000000e9400000, 0x00000000e9400000, 0x00000000e9500000|  0%| F|  |TAMS 0x00000000e9400000, 0x00000000e9400000| Untracked 
| 149|0x00000000e9500000, 0x00000000e9600000, 0x00000000e9600000|100%|HS|  |TAMS 0x00000000e9600000, 0x00000000e9500000| Complete 
| 150|0x00000000e9600000, 0x00000000e9700000, 0x00000000e9700000|100%|HC|  |TAMS 0x00000000e9700000, 0x00000000e9600000| Complete 
| 151|0x00000000e9700000, 0x00000000e9800000, 0x00000000e9800000|100%|HC|  |TAMS 0x00000000e9800000, 0x00000000e9700000| Complete 
| 152|0x00000000e9800000, 0x00000000e9900000, 0x00000000e9900000|100%|HC|  |TAMS 0x00000000e9900000, 0x00000000e9800000| Complete 
| 153|0x00000000e9900000, 0x00000000e9a00000, 0x00000000e9a00000|100%|HC|  |TAMS 0x00000000e9a00000, 0x00000000e9900000| Complete 
| 154|0x00000000e9a00000, 0x00000000e9b00000, 0x00000000e9b00000|100%|HS|  |TAMS 0x00000000e9b00000, 0x00000000e9a00000| Complete 
| 155|0x00000000e9b00000, 0x00000000e9c00000, 0x00000000e9c00000|100%|HC|  |TAMS 0x00000000e9c00000, 0x00000000e9b00000| Complete 
| 156|0x00000000e9c00000, 0x00000000e9d00000, 0x00000000e9d00000|100%|HC|  |TAMS 0x00000000e9d00000, 0x00000000e9c00000| Complete 
| 157|0x00000000e9d00000, 0x00000000e9e00000, 0x00000000e9e00000|100%|HS|  |TAMS 0x00000000e9e00000, 0x00000000e9d00000| Complete 
| 158|0x00000000e9e00000, 0x00000000e9f00000, 0x00000000e9f00000|100%|HC|  |TAMS 0x00000000e9f00000, 0x00000000e9e00000| Complete 
| 159|0x00000000e9f00000, 0x00000000ea000000, 0x00000000ea000000|100%|HS|  |TAMS 0x00000000e9f00000, 0x00000000e9f00000| Complete 
| 160|0x00000000ea000000, 0x00000000ea100000, 0x00000000ea100000|100%|HC|  |TAMS 0x00000000ea000000, 0x00000000ea000000| Complete 
| 161|0x00000000ea100000, 0x00000000ea100000, 0x00000000ea200000|  0%| F|  |TAMS 0x00000000ea100000, 0x00000000ea100000| Untracked 
| 162|0x00000000ea200000, 0x00000000ea300000, 0x00000000ea300000|100%|HS|  |TAMS 0x00000000ea300000, 0x00000000ea200000| Complete 
| 163|0x00000000ea300000, 0x00000000ea400000, 0x00000000ea400000|100%|HC|  |TAMS 0x00000000ea400000, 0x00000000ea300000| Complete 
| 164|0x00000000ea400000, 0x00000000ea500000, 0x00000000ea500000|100%|HC|  |TAMS 0x00000000ea500000, 0x00000000ea400000| Complete 
| 165|0x00000000ea500000, 0x00000000ea600000, 0x00000000ea600000|100%|HC|  |TAMS 0x00000000ea600000, 0x00000000ea500000| Complete 
| 166|0x00000000ea600000, 0x00000000ea700000, 0x00000000ea700000|100%|HC|  |TAMS 0x00000000ea700000, 0x00000000ea600000| Complete 
| 167|0x00000000ea700000, 0x00000000ea800000, 0x00000000ea800000|100%|HS|  |TAMS 0x00000000ea800000, 0x00000000ea700000| Complete 
| 168|0x00000000ea800000, 0x00000000ea900000, 0x00000000ea900000|100%|HC|  |TAMS 0x00000000ea900000, 0x00000000ea800000| Complete 
| 169|0x00000000ea900000, 0x00000000eaa00000, 0x00000000eaa00000|100%|HC|  |TAMS 0x00000000eaa00000, 0x00000000ea900000| Complete 
| 170|0x00000000eaa00000, 0x00000000eab00000, 0x00000000eab00000|100%|HC|  |TAMS 0x00000000eab00000, 0x00000000eaa00000| Complete 
| 171|0x00000000eab00000, 0x00000000eab00000, 0x00000000eac00000|  0%| F|  |TAMS 0x00000000eab00000, 0x00000000eab00000| Untracked 
| 172|0x00000000eac00000, 0x00000000eac00000, 0x00000000ead00000|  0%| F|  |TAMS 0x00000000eac00000, 0x00000000eac00000| Untracked 
| 173|0x00000000ead00000, 0x00000000eae00000, 0x00000000eae00000|100%|HS|  |TAMS 0x00000000ead00000, 0x00000000ead00000| Complete 
| 174|0x00000000eae00000, 0x00000000eaf00000, 0x00000000eaf00000|100%|HC|  |TAMS 0x00000000eae00000, 0x00000000eae00000| Complete 
| 175|0x00000000eaf00000, 0x00000000eb000000, 0x00000000eb000000|100%|HC|  |TAMS 0x00000000eaf00000, 0x00000000eaf00000| Complete 
| 176|0x00000000eb000000, 0x00000000eb100000, 0x00000000eb100000|100%|HS|  |TAMS 0x00000000eb000000, 0x00000000eb000000| Complete 
| 177|0x00000000eb100000, 0x00000000eb200000, 0x00000000eb200000|100%|HC|  |TAMS 0x00000000eb100000, 0x00000000eb100000| Complete 
| 178|0x00000000eb200000, 0x00000000eb200000, 0x00000000eb300000|  0%| F|  |TAMS 0x00000000eb200000, 0x00000000eb200000| Untracked 
| 179|0x00000000eb300000, 0x00000000eb300000, 0x00000000eb400000|  0%| F|  |TAMS 0x00000000eb300000, 0x00000000eb300000| Untracked 
| 180|0x00000000eb400000, 0x00000000eb400000, 0x00000000eb500000|  0%| F|  |TAMS 0x00000000eb400000, 0x00000000eb400000| Untracked 
| 181|0x00000000eb500000, 0x00000000eb500000, 0x00000000eb600000|  0%| F|  |TAMS 0x00000000eb500000, 0x00000000eb500000| Untracked 
| 182|0x00000000eb600000, 0x00000000eb600000, 0x00000000eb700000|  0%| F|  |TAMS 0x00000000eb600000, 0x00000000eb600000| Untracked 
| 183|0x00000000eb700000, 0x00000000eb700000, 0x00000000eb800000|  0%| F|  |TAMS 0x00000000eb700000, 0x00000000eb700000| Untracked 
| 184|0x00000000eb800000, 0x00000000eb800000, 0x00000000eb900000|  0%| F|  |TAMS 0x00000000eb800000, 0x00000000eb800000| Untracked 
| 185|0x00000000eb900000, 0x00000000eb900000, 0x00000000eba00000|  0%| F|  |TAMS 0x00000000eb900000, 0x00000000eb900000| Untracked 
| 186|0x00000000eba00000, 0x00000000eba00000, 0x00000000ebb00000|  0%| F|  |TAMS 0x00000000eba00000, 0x00000000eba00000| Untracked 
| 187|0x00000000ebb00000, 0x00000000ebb00000, 0x00000000ebc00000|  0%| F|  |TAMS 0x00000000ebb00000, 0x00000000ebb00000| Untracked 
| 188|0x00000000ebc00000, 0x00000000ebd00000, 0x00000000ebd00000|100%|HS|  |TAMS 0x00000000ebc00000, 0x00000000ebc00000| Complete 
| 189|0x00000000ebd00000, 0x00000000ebe00000, 0x00000000ebe00000|100%|HC|  |TAMS 0x00000000ebd00000, 0x00000000ebd00000| Complete 
| 190|0x00000000ebe00000, 0x00000000ebf00000, 0x00000000ebf00000|100%|HC|  |TAMS 0x00000000ebe00000, 0x00000000ebe00000| Complete 
| 191|0x00000000ebf00000, 0x00000000ec000000, 0x00000000ec000000|100%|HC|  |TAMS 0x00000000ebf00000, 0x00000000ebf00000| Complete 
| 192|0x00000000ec000000, 0x00000000ec100000, 0x00000000ec100000|100%|HC|  |TAMS 0x00000000ec000000, 0x00000000ec000000| Complete 
| 193|0x00000000ec100000, 0x00000000ec200000, 0x00000000ec200000|100%|HC|  |TAMS 0x00000000ec100000, 0x00000000ec100000| Complete 
| 194|0x00000000ec200000, 0x00000000ec300000, 0x00000000ec300000|100%|HC|  |TAMS 0x00000000ec200000, 0x00000000ec200000| Complete 
| 195|0x00000000ec300000, 0x00000000ec400000, 0x00000000ec400000|100%|HC|  |TAMS 0x00000000ec300000, 0x00000000ec300000| Complete 
| 196|0x00000000ec400000, 0x00000000ec500000, 0x00000000ec500000|100%|HC|  |TAMS 0x00000000ec400000, 0x00000000ec400000| Complete 
| 197|0x00000000ec500000, 0x00000000ec600000, 0x00000000ec600000|100%|HS|  |TAMS 0x00000000ec500000, 0x00000000ec500000| Complete 
| 198|0x00000000ec600000, 0x00000000ec700000, 0x00000000ec700000|100%|HC|  |TAMS 0x00000000ec600000, 0x00000000ec600000| Complete 
| 199|0x00000000ec700000, 0x00000000ec800000, 0x00000000ec800000|100%|HC|  |TAMS 0x00000000ec700000, 0x00000000ec700000| Complete 
| 200|0x00000000ec800000, 0x00000000ec900000, 0x00000000ec900000|100%|HC|  |TAMS 0x00000000ec800000, 0x00000000ec800000| Complete 
| 201|0x00000000ec900000, 0x00000000eca00000, 0x00000000eca00000|100%|HC|  |TAMS 0x00000000ec900000, 0x00000000ec900000| Complete 
| 202|0x00000000eca00000, 0x00000000eca00000, 0x00000000ecb00000|  0%| F|  |TAMS 0x00000000eca00000, 0x00000000eca00000| Untracked 
| 203|0x00000000ecb00000, 0x00000000ecb00000, 0x00000000ecc00000|  0%| F|  |TAMS 0x00000000ecb00000, 0x00000000ecb00000| Untracked 
| 204|0x00000000ecc00000, 0x00000000ecc00000, 0x00000000ecd00000|  0%| F|  |TAMS 0x00000000ecc00000, 0x00000000ecc00000| Untracked 
| 205|0x00000000ecd00000, 0x00000000ecd00000, 0x00000000ece00000|  0%| F|  |TAMS 0x00000000ecd00000, 0x00000000ecd00000| Untracked 
| 206|0x00000000ece00000, 0x00000000ece00000, 0x00000000ecf00000|  0%| F|  |TAMS 0x00000000ece00000, 0x00000000ece00000| Untracked 
| 207|0x00000000ecf00000, 0x00000000ecf00000, 0x00000000ed000000|  0%| F|  |TAMS 0x00000000ecf00000, 0x00000000ecf00000| Untracked 
| 208|0x00000000ed000000, 0x00000000ed000000, 0x00000000ed100000|  0%| F|  |TAMS 0x00000000ed000000, 0x00000000ed000000| Untracked 
| 209|0x00000000ed100000, 0x00000000ed100000, 0x00000000ed200000|  0%| F|  |TAMS 0x00000000ed100000, 0x00000000ed100000| Untracked 
| 210|0x00000000ed200000, 0x00000000ed200000, 0x00000000ed300000|  0%| F|  |TAMS 0x00000000ed200000, 0x00000000ed200000| Untracked 
| 211|0x00000000ed300000, 0x00000000ed300000, 0x00000000ed400000|  0%| F|  |TAMS 0x00000000ed300000, 0x00000000ed300000| Untracked 
| 212|0x00000000ed400000, 0x00000000ed500000, 0x00000000ed500000|100%|HS|  |TAMS 0x00000000ed400000, 0x00000000ed400000| Complete 
| 213|0x00000000ed500000, 0x00000000ed600000, 0x00000000ed600000|100%|HC|  |TAMS 0x00000000ed500000, 0x00000000ed500000| Complete 
| 214|0x00000000ed600000, 0x00000000ed700000, 0x00000000ed700000|100%|HC|  |TAMS 0x00000000ed600000, 0x00000000ed600000| Complete 
| 215|0x00000000ed700000, 0x00000000ed800000, 0x00000000ed800000|100%|HC|  |TAMS 0x00000000ed700000, 0x00000000ed700000| Complete 
| 216|0x00000000ed800000, 0x00000000ed900000, 0x00000000ed900000|100%|HC|  |TAMS 0x00000000ed800000, 0x00000000ed800000| Complete 
| 217|0x00000000ed900000, 0x00000000eda00000, 0x00000000eda00000|100%|HC|  |TAMS 0x00000000ed900000, 0x00000000ed900000| Complete 
| 218|0x00000000eda00000, 0x00000000edb00000, 0x00000000edb00000|100%|HC|  |TAMS 0x00000000eda00000, 0x00000000eda00000| Complete 
| 219|0x00000000edb00000, 0x00000000edc00000, 0x00000000edc00000|100%|HC|  |TAMS 0x00000000edb00000, 0x00000000edb00000| Complete 
| 220|0x00000000edc00000, 0x00000000edd00000, 0x00000000edd00000|100%|HC|  |TAMS 0x00000000edc00000, 0x00000000edc00000| Complete 
| 221|0x00000000edd00000, 0x00000000ede00000, 0x00000000ede00000|100%|HS|  |TAMS 0x00000000edd00000, 0x00000000edd00000| Complete 
| 222|0x00000000ede00000, 0x00000000edf00000, 0x00000000edf00000|100%|HC|  |TAMS 0x00000000ede00000, 0x00000000ede00000| Complete 
| 223|0x00000000edf00000, 0x00000000ee000000, 0x00000000ee000000|100%|HC|  |TAMS 0x00000000edf00000, 0x00000000edf00000| Complete 
| 224|0x00000000ee000000, 0x00000000ee100000, 0x00000000ee100000|100%|HC|  |TAMS 0x00000000ee000000, 0x00000000ee000000| Complete 
| 225|0x00000000ee100000, 0x00000000ee200000, 0x00000000ee200000|100%|HC|  |TAMS 0x00000000ee100000, 0x00000000ee100000| Complete 
| 226|0x00000000ee200000, 0x00000000ee300000, 0x00000000ee300000|100%|HS|  |TAMS 0x00000000ee200000, 0x00000000ee200000| Complete 
| 227|0x00000000ee300000, 0x00000000ee300000, 0x00000000ee400000|  0%| F|  |TAMS 0x00000000ee300000, 0x00000000ee300000| Untracked 
| 228|0x00000000ee400000, 0x00000000ee400000, 0x00000000ee500000|  0%| F|  |TAMS 0x00000000ee400000, 0x00000000ee400000| Untracked 
| 229|0x00000000ee500000, 0x00000000ee500000, 0x00000000ee600000|  0%| F|  |TAMS 0x00000000ee500000, 0x00000000ee500000| Untracked 
| 230|0x00000000ee600000, 0x00000000ee600000, 0x00000000ee700000|  0%| F|  |TAMS 0x00000000ee600000, 0x00000000ee600000| Untracked 
| 231|0x00000000ee700000, 0x00000000ee700000, 0x00000000ee800000|  0%| F|  |TAMS 0x00000000ee700000, 0x00000000ee700000| Untracked 
| 232|0x00000000ee800000, 0x00000000ee800000, 0x00000000ee900000|  0%| F|  |TAMS 0x00000000ee800000, 0x00000000ee800000| Untracked 
| 233|0x00000000ee900000, 0x00000000ee900000, 0x00000000eea00000|  0%| F|  |TAMS 0x00000000ee900000, 0x00000000ee900000| Untracked 
| 234|0x00000000eea00000, 0x00000000eea00000, 0x00000000eeb00000|  0%| F|  |TAMS 0x00000000eea00000, 0x00000000eea00000| Untracked 
| 235|0x00000000eeb00000, 0x00000000eeb00000, 0x00000000eec00000|  0%| F|  |TAMS 0x00000000eeb00000, 0x00000000eeb00000| Untracked 
| 236|0x00000000eec00000, 0x00000000eec00000, 0x00000000eed00000|  0%| F|  |TAMS 0x00000000eec00000, 0x00000000eec00000| Untracked 
| 237|0x00000000eed00000, 0x00000000eed00000, 0x00000000eee00000|  0%| F|  |TAMS 0x00000000eed00000, 0x00000000eed00000| Untracked 
| 238|0x00000000eee00000, 0x00000000eee00000, 0x00000000eef00000|  0%| F|  |TAMS 0x00000000eee00000, 0x00000000eee00000| Untracked 
| 239|0x00000000eef00000, 0x00000000eef00000, 0x00000000ef000000|  0%| F|  |TAMS 0x00000000eef00000, 0x00000000eef00000| Untracked 
| 240|0x00000000ef000000, 0x00000000ef000000, 0x00000000ef100000|  0%| F|  |TAMS 0x00000000ef000000, 0x00000000ef000000| Untracked 
| 241|0x00000000ef100000, 0x00000000ef100000, 0x00000000ef200000|  0%| F|  |TAMS 0x00000000ef100000, 0x00000000ef100000| Untracked 
| 242|0x00000000ef200000, 0x00000000ef200000, 0x00000000ef300000|  0%| F|  |TAMS 0x00000000ef200000, 0x00000000ef200000| Untracked 
| 243|0x00000000ef300000, 0x00000000ef300000, 0x00000000ef400000|  0%| F|  |TAMS 0x00000000ef300000, 0x00000000ef300000| Untracked 
| 244|0x00000000ef400000, 0x00000000ef400000, 0x00000000ef500000|  0%| F|  |TAMS 0x00000000ef400000, 0x00000000ef400000| Untracked 
| 245|0x00000000ef500000, 0x00000000ef500000, 0x00000000ef600000|  0%| F|  |TAMS 0x00000000ef500000, 0x00000000ef500000| Untracked 
| 246|0x00000000ef600000, 0x00000000ef600000, 0x00000000ef700000|  0%| F|  |TAMS 0x00000000ef600000, 0x00000000ef600000| Untracked 
| 247|0x00000000ef700000, 0x00000000ef700000, 0x00000000ef800000|  0%| F|  |TAMS 0x00000000ef700000, 0x00000000ef700000| Untracked 
| 248|0x00000000ef800000, 0x00000000ef800000, 0x00000000ef900000|  0%| F|  |TAMS 0x00000000ef800000, 0x00000000ef800000| Untracked 
| 249|0x00000000ef900000, 0x00000000ef900000, 0x00000000efa00000|  0%| F|  |TAMS 0x00000000ef900000, 0x00000000ef900000| Untracked 
| 250|0x00000000efa00000, 0x00000000efa00000, 0x00000000efb00000|  0%| F|  |TAMS 0x00000000efa00000, 0x00000000efa00000| Untracked 
| 251|0x00000000efb00000, 0x00000000efb00000, 0x00000000efc00000|  0%| F|  |TAMS 0x00000000efb00000, 0x00000000efb00000| Untracked 
| 252|0x00000000efc00000, 0x00000000efc00000, 0x00000000efd00000|  0%| F|  |TAMS 0x00000000efc00000, 0x00000000efc00000| Untracked 
| 253|0x00000000efd00000, 0x00000000efd00000, 0x00000000efe00000|  0%| F|  |TAMS 0x00000000efd00000, 0x00000000efd00000| Untracked 
| 254|0x00000000efe00000, 0x00000000efe00000, 0x00000000eff00000|  0%| F|  |TAMS 0x00000000efe00000, 0x00000000efe00000| Untracked 
| 255|0x00000000eff00000, 0x00000000eff00000, 0x00000000f0000000|  0%| F|  |TAMS 0x00000000eff00000, 0x00000000eff00000| Untracked 
| 256|0x00000000f0000000, 0x00000000f0100000, 0x00000000f0100000|100%|HS|  |TAMS 0x00000000f0000000, 0x00000000f0000000| Complete 
| 257|0x00000000f0100000, 0x00000000f0200000, 0x00000000f0200000|100%|HC|  |TAMS 0x00000000f0100000, 0x00000000f0100000| Complete 
| 258|0x00000000f0200000, 0x00000000f0300000, 0x00000000f0300000|100%|HC|  |TAMS 0x00000000f0200000, 0x00000000f0200000| Complete 
| 259|0x00000000f0300000, 0x00000000f0400000, 0x00000000f0400000|100%|HC|  |TAMS 0x00000000f0300000, 0x00000000f0300000| Complete 
| 260|0x00000000f0400000, 0x00000000f0500000, 0x00000000f0500000|100%|HC|  |TAMS 0x00000000f0400000, 0x00000000f0400000| Complete 
| 261|0x00000000f0500000, 0x00000000f0600000, 0x00000000f0600000|100%|HC|  |TAMS 0x00000000f0500000, 0x00000000f0500000| Complete 
| 262|0x00000000f0600000, 0x00000000f0700000, 0x00000000f0700000|100%|HC|  |TAMS 0x00000000f0600000, 0x00000000f0600000| Complete 
| 263|0x00000000f0700000, 0x00000000f0800000, 0x00000000f0800000|100%|HC|  |TAMS 0x00000000f0700000, 0x00000000f0700000| Complete 
| 264|0x00000000f0800000, 0x00000000f0900000, 0x00000000f0900000|100%|HC|  |TAMS 0x00000000f0800000, 0x00000000f0800000| Complete 
| 265|0x00000000f0900000, 0x00000000f0a00000, 0x00000000f0a00000|100%|HS|  |TAMS 0x00000000f0900000, 0x00000000f0900000| Complete 
| 266|0x00000000f0a00000, 0x00000000f0b00000, 0x00000000f0b00000|100%|HC|  |TAMS 0x00000000f0a00000, 0x00000000f0a00000| Complete 
| 267|0x00000000f0b00000, 0x00000000f0c00000, 0x00000000f0c00000|100%|HC|  |TAMS 0x00000000f0b00000, 0x00000000f0b00000| Complete 
| 268|0x00000000f0c00000, 0x00000000f0d00000, 0x00000000f0d00000|100%|HC|  |TAMS 0x00000000f0c00000, 0x00000000f0c00000| Complete 
| 269|0x00000000f0d00000, 0x00000000f0e00000, 0x00000000f0e00000|100%|HC|  |TAMS 0x00000000f0d00000, 0x00000000f0d00000| Complete 
| 270|0x00000000f0e00000, 0x00000000f0eef268, 0x00000000f0f00000| 93%| E|  |TAMS 0x00000000f0e00000, 0x00000000f0e00000| Complete 
| 271|0x00000000f0f00000, 0x00000000f1000000, 0x00000000f1000000|100%| E|  |TAMS 0x00000000f0f00000, 0x00000000f0f00000| Complete 
| 272|0x00000000f1000000, 0x00000000f1100000, 0x00000000f1100000|100%|HS|  |TAMS 0x00000000f1000000, 0x00000000f1000000| Complete 
| 273|0x00000000f1100000, 0x00000000f1200000, 0x00000000f1200000|100%|HC|  |TAMS 0x00000000f1100000, 0x00000000f1100000| Complete 
| 274|0x00000000f1200000, 0x00000000f1300000, 0x00000000f1300000|100%|HC|  |TAMS 0x00000000f1200000, 0x00000000f1200000| Complete 
| 275|0x00000000f1300000, 0x00000000f1400000, 0x00000000f1400000|100%|HS|  |TAMS 0x00000000f1300000, 0x00000000f1300000| Complete 
| 276|0x00000000f1400000, 0x00000000f1500000, 0x00000000f1500000|100%|HC|  |TAMS 0x00000000f1400000, 0x00000000f1400000| Complete 
| 277|0x00000000f1500000, 0x00000000f1600000, 0x00000000f1600000|100%| S|CS|TAMS 0x00000000f1500000, 0x00000000f1500000| Complete 
| 278|0x00000000f1600000, 0x00000000f1700000, 0x00000000f1700000|100%| O|  |TAMS 0x00000000f1600000, 0x00000000f1600000| Untracked 
| 279|0x00000000f1700000, 0x00000000f1800000, 0x00000000f1800000|100%| O|  |TAMS 0x00000000f1700000, 0x00000000f1700000| Untracked 
| 280|0x00000000f1800000, 0x00000000f1900000, 0x00000000f1900000|100%| S|CS|TAMS 0x00000000f1800000, 0x00000000f1800000| Complete 
| 281|0x00000000f1900000, 0x00000000f1a00000, 0x00000000f1a00000|100%| O|  |TAMS 0x00000000f1900000, 0x00000000f1900000| Untracked 
| 282|0x00000000f1a00000, 0x00000000f1b00000, 0x00000000f1b00000|100%| O|  |TAMS 0x00000000f1a00000, 0x00000000f1a00000| Untracked 
| 283|0x00000000f1b00000, 0x00000000f1c00000, 0x00000000f1c00000|100%| O|  |TAMS 0x00000000f1b00000, 0x00000000f1b00000| Untracked 
| 284|0x00000000f1c00000, 0x00000000f1d00000, 0x00000000f1d00000|100%| S|CS|TAMS 0x00000000f1c00000, 0x00000000f1c00000| Complete 
| 285|0x00000000f1d00000, 0x00000000f1d5a800, 0x00000000f1e00000| 35%| O|  |TAMS 0x00000000f1d00000, 0x00000000f1d00000| Updating 
| 286|0x00000000f1e00000, 0x00000000f1f00000, 0x00000000f1f00000|100%| S|CS|TAMS 0x00000000f1e00000, 0x00000000f1e00000| Complete 
| 287|0x00000000f1f00000, 0x00000000f2000000, 0x00000000f2000000|100%| S|CS|TAMS 0x00000000f1f00000, 0x00000000f1f00000| Complete 
| 288|0x00000000f2000000, 0x00000000f2040020, 0x00000000f2100000| 25%| S|CS|TAMS 0x00000000f2000000, 0x00000000f2000000| Complete 

Card table byte_map: [0x00000251717e0000,0x00000251718e0000] _byte_map_base: 0x00000251710e0000

Marking Bits (Prev, Next): (CMBitMap*) 0x0000025168cb1568, (CMBitMap*) 0x0000025168cb1528
 Prev Bits: [0x00000251721e0000, 0x00000251729e0000)
 Next Bits: [0x00000251719e0000, 0x00000251721e0000)

Polling page: 0x00000251674a0000

Metaspace:

Usage:
  Non-class:     90.70 MB capacity,    88.94 MB ( 98%) used,     1.47 MB (  2%) free+waste,   298.38 KB ( <1%) overhead. 
      Class:     13.07 MB capacity,    12.11 MB ( 93%) used,   857.59 KB (  6%) free+waste,   128.88 KB ( <1%) overhead. 
       Both:    103.77 MB capacity,   101.05 MB ( 97%) used,     2.31 MB (  2%) free+waste,   427.25 KB ( <1%) overhead. 

Virtual space:
  Non-class space:       92.00 MB reserved,      90.71 MB ( 99%) committed 
      Class space:      248.00 MB reserved,      13.25 MB (  5%) committed 
             Both:      340.00 MB reserved,     103.96 MB ( 31%) committed 

Chunk freelists:
   Non-Class:  1.38 KB
       Class:  11.25 KB
        Both:  12.63 KB

CodeHeap 'non-profiled nmethods': size=120064Kb used=15323Kb max_used=15323Kb free=104740Kb
 bounds [0x0000025107ac0000, 0x00000251089c0000, 0x000002510f000000]
CodeHeap 'profiled nmethods': size=120000Kb used=45655Kb max_used=45655Kb free=74344Kb
 bounds [0x0000025100590000, 0x0000025103280000, 0x0000025107ac0000]
CodeHeap 'non-nmethods': size=5696Kb used=2353Kb max_used=2426Kb free=3342Kb
 bounds [0x0000025100000000, 0x0000025100270000, 0x0000025100590000]
 total_blobs=31503 nmethods=19389 adapters=864
 compilation: enabled
              stopped_count=0, restarted_count=0
 full_count=0

Compilation events (10 events):
Event: 13150.661 Thread 0x0000025174fb9800 nmethod 23556 0x00000251089b7090 code [0x00000251089b7260, 0x00000251089b77c8]
Event: 13150.663 Thread 0x0000025174fbc800 23557       3       com.android.tools.build.apkzlib.zip.ZFile::directWrite (144 bytes)
Event: 13150.666 Thread 0x0000025174fbc800 nmethod 23557 0x0000025103271390 code [0x0000025103271700, 0x0000025103272ac0]
Event: 13150.683 Thread 0x0000025174fbc800 23558       3       com.android.tools.build.apkzlib.zip.StoredEntry$$Lambda$1131/0x0000000801daec40::compare (12 bytes)
Event: 13150.683 Thread 0x0000025174fbc800 nmethod 23558 0x00000251027ad190 code [0x00000251027ad360, 0x00000251027ad730]
Event: 13150.683 Thread 0x0000025174fbc800 23559       3       com.android.tools.build.apkzlib.zip.StoredEntry::lambda$static$0 (44 bytes)
Event: 13150.684 Thread 0x0000025174fbc800 nmethod 23559 0x000002510280b310 code [0x000002510280b500, 0x000002510280b830]
Event: 13150.684 Thread 0x0000025174fb9800 23560 %     4       java.util.TimSort::mergeHi @ 191 (732 bytes)
Event: 13150.685 Thread 0x0000025174fbc800 23561       1       com.android.tools.build.apkzlib.zip.CentralDirectoryHeader::getComment (5 bytes)
Event: 13150.685 Thread 0x0000025174fbc800 nmethod 23561 0x00000251089b7c90 code [0x00000251089b7e40, 0x00000251089b7f78]

GC Heap History (10 events):
Event: 13140.149 GC heap before
{Heap before GC invocations=62 (full 0):
 garbage-first heap   total 262144K, used 182031K [0x00000000e0000000, 0x0000000100000000)
  region size 1024K, 44 young (45056K), 2 survivors (2048K)
 Metaspace       used 102311K, capacity 105027K, committed 105564K, reserved 348160K
  class space    used 12248K, capacity 13208K, committed 13440K, reserved 253952K
}
Event: 13140.160 GC heap after
{Heap after GC invocations=63 (full 0):
 garbage-first heap   total 262144K, used 141307K [0x00000000e0000000, 0x0000000100000000)
  region size 1024K, 5 young (5120K), 5 survivors (5120K)
 Metaspace       used 102311K, capacity 105027K, committed 105564K, reserved 348160K
  class space    used 12248K, capacity 13208K, committed 13440K, reserved 253952K
}
Event: 13141.805 GC heap before
{Heap before GC invocations=63 (full 0):
 garbage-first heap   total 262144K, used 187387K [0x00000000e0000000, 0x0000000100000000)
  region size 1024K, 50 young (51200K), 5 survivors (5120K)
 Metaspace       used 102425K, capacity 105179K, committed 105564K, reserved 348160K
  class space    used 12257K, capacity 13213K, committed 13440K, reserved 253952K
}
Event: 13141.815 GC heap after
{Heap after GC invocations=64 (full 0):
 garbage-first heap   total 262144K, used 140291K [0x00000000e0000000, 0x0000000100000000)
  region size 1024K, 3 young (3072K), 3 survivors (3072K)
 Metaspace       used 102425K, capacity 105179K, committed 105564K, reserved 348160K
  class space    used 12257K, capacity 13213K, committed 13440K, reserved 253952K
}
Event: 13150.128 GC heap before
{Heap before GC invocations=64 (full 0):
 garbage-first heap   total 262144K, used 214019K [0x00000000e0000000, 0x0000000100000000)
  region size 1024K, 52 young (53248K), 3 survivors (3072K)
 Metaspace       used 103404K, capacity 106130K, committed 106460K, reserved 348160K
  class space    used 12391K, capacity 13380K, committed 13568K, reserved 253952K
}
Event: 13150.135 GC heap after
{Heap after GC invocations=65 (full 0):
 garbage-first heap   total 262144K, used 150142K [0x00000000e0000000, 0x0000000100000000)
  region size 1024K, 2 young (2048K), 2 survivors (2048K)
 Metaspace       used 103404K, capacity 106130K, committed 106460K, reserved 348160K
  class space    used 12391K, capacity 13380K, committed 13568K, reserved 253952K
}
Event: 13150.334 GC heap before
{Heap before GC invocations=65 (full 0):
 garbage-first heap   total 262144K, used 197246K [0x00000000e0000000, 0x0000000100000000)
  region size 1024K, 22 young (22528K), 2 survivors (2048K)
 Metaspace       used 103438K, capacity 106194K, committed 106460K, reserved 348160K
  class space    used 12391K, capacity 13380K, committed 13568K, reserved 253952K
}
Event: 13150.340 GC heap after
{Heap after GC invocations=66 (full 0):
 garbage-first heap   total 262144K, used 172132K [0x00000000e0000000, 0x0000000100000000)
  region size 1024K, 6 young (6144K), 6 survivors (6144K)
 Metaspace       used 103438K, capacity 106194K, committed 106460K, reserved 348160K
  class space    used 12391K, capacity 13380K, committed 13568K, reserved 253952K
}
Event: 13150.461 GC heap before
{Heap before GC invocations=66 (full 0):
 garbage-first heap   total 283648K, used 281700K [0x00000000e0000000, 0x0000000100000000)
  region size 1024K, 17 young (17408K), 6 survivors (6144K)
 Metaspace       used 103440K, capacity 106194K, committed 106460K, reserved 348160K
  class space    used 12391K, capacity 13380K, committed 13568K, reserved 253952K
}
Event: 13150.474 GC heap after
{Heap after GC invocations=67 (full 0):
 garbage-first heap   total 295936K, used 235114K [0x00000000e0000000, 0x0000000100000000)
  region size 1024K, 6 young (6144K), 6 survivors (6144K)
 Metaspace       used 103440K, capacity 106194K, committed 106460K, reserved 348160K
  class space    used 12391K, capacity 13380K, committed 13568K, reserved 253952K
}

Deoptimization events (10 events):
Event: 13144.546 Thread 0x0000025177f85800 Uncommon trap: reason=unstable_if action=reinterpret pc=0x0000025108935508 method=com.android.tools.build.apkzlib.zip.ExtraField.size()I @ 4 c2
Event: 13144.546 Thread 0x0000025177f85800 Uncommon trap: reason=class_check action=maybe_recompile pc=0x000002510891e3c4 method=com.android.tools.build.apkzlib.zip.CentralDirectoryHeader.getCompressionInfoWithWait()Lcom/android/tools/build/apkzlib/zip/CentralDirectoryHeaderCompressInfo; @ 4 c2
Event: 13144.563 Thread 0x0000025177f85800 Uncommon trap: reason=class_check action=maybe_recompile pc=0x000002510898f800 method=com.android.tools.build.apkzlib.zip.CentralDirectoryHeader.getCompressionInfoWithWait()Lcom/android/tools/build/apkzlib/zip/CentralDirectoryHeaderCompressInfo; @ 4 c2
Event: 13149.904 Thread 0x0000025177f85800 Uncommon trap: reason=unstable_if action=reinterpret pc=0x0000025107fddd98 method=java.lang.ref.SoftReference.get()Ljava/lang/Object; @ 6 c2
Event: 13149.932 Thread 0x0000025177f85800 Uncommon trap: reason=class_check action=maybe_recompile pc=0x000002510891e3c4 method=com.android.tools.build.apkzlib.zip.CentralDirectoryHeader.getCompressionInfoWithWait()Lcom/android/tools/build/apkzlib/zip/CentralDirectoryHeaderCompressInfo; @ 4 c2
Event: 13149.936 Thread 0x0000025177f92800 Uncommon trap: reason=class_check action=maybe_recompile pc=0x0000025108266e28 method=java.util.concurrent.ThreadPoolExecutor.getTask()Ljava/lang/Runnable; @ 132 c2
Event: 13149.939 Thread 0x0000025177f92800 Uncommon trap: reason=class_check action=maybe_recompile pc=0x0000025108266e28 method=java.util.concurrent.ThreadPoolExecutor.getTask()Ljava/lang/Runnable; @ 132 c2
Event: 13150.501 Thread 0x0000025177f85800 Uncommon trap: reason=unstable_if action=reinterpret pc=0x000002510898e4a8 method=com.android.tools.build.apkzlib.zip.ExtraField.write(Ljava/nio/ByteBuffer;)V @ 4 c2
Event: 13150.502 Thread 0x0000025177f85800 Uncommon trap: reason=class_check action=maybe_recompile pc=0x000002510898eb88 method=com.android.tools.build.apkzlib.zip.CentralDirectoryHeader.getCompressionInfoWithWait()Lcom/android/tools/build/apkzlib/zip/CentralDirectoryHeaderCompressInfo; @ 4 c2
Event: 13150.502 Thread 0x0000025177f85800 Uncommon trap: reason=class_check action=maybe_recompile pc=0x000002510898f320 method=com.android.tools.build.apkzlib.zip.CentralDirectoryHeader.getCompressionInfoWithWait()Lcom/android/tools/build/apkzlib/zip/CentralDirectoryHeaderCompressInfo; @ 4 c2

Classes redefined (0 events):
No events

Internal exceptions (10 events):
Event: 13142.644 Thread 0x00000251798f8800 Exception <a 'java/lang/ClassNotFoundException'{0x00000000ee2a97f8}: org/gradle/api/plugins/internal/DefaultJavaPluginConventionBeanInfo> (0x00000000ee2a97f8) thrown at [t:/workspace/open/src/hotspot/share/classfile/systemDictionary.cpp, line 235]
Event: 13142.647 Thread 0x00000251798f8800 Exception <a 'java/lang/ClassNotFoundException'{0x00000000ee2d1db0}: org/gradle/api/plugins/JavaPluginConventionBeanInfo> (0x00000000ee2d1db0) thrown at [t:/workspace/open/src/hotspot/share/classfile/systemDictionary.cpp, line 235]
Event: 13142.649 Thread 0x00000251798f8800 Exception <a 'java/lang/ClassNotFoundException'{0x00000000ee2fa608}: org/gradle/api/plugins/JavaPluginConventionCustomizer> (0x00000000ee2fa608) thrown at [t:/workspace/open/src/hotspot/share/classfile/systemDictionary.cpp, line 235]
Event: 13142.650 Thread 0x00000251798f8800 Implicit null exception at 0x0000025107e04715 to 0x0000025107e04a96
Event: 13142.653 Thread 0x00000251798f8800 Exception <a 'java/lang/ClassNotFoundException'{0x00000000ee13d370}: org/gradle/api/plugins/internal/DefaultJavaPluginConventionCustomizer> (0x00000000ee13d370) thrown at [t:/workspace/open/src/hotspot/share/classfile/systemDictionary.cpp, line 235]
Event: 13144.546 Thread 0x0000025177f85800 Implicit null exception at 0x000002510898801a to 0x000002510898806e
Event: 13144.546 Thread 0x0000025177f85800 Implicit null exception at 0x00000251089354e0 to 0x00000251089354f4
Event: 13149.903 Thread 0x0000025177f85800 Implicit null exception at 0x0000025107fd90e6 to 0x0000025107fddd72
Event: 13150.498 Thread 0x0000025177f85800 Exception <a 'java/lang/NoSuchMethodError'{0x00000000f0e44070}: java.lang.invoke.DirectMethodHandle$Holder.newInvokeSpecial(Ljava/lang/Object;ILjava/lang/Object;)Ljava/lang/Object;> (0x00000000f0e44070) thrown at [t:/workspace/open/src/hotspot/share/inter
Event: 13150.501 Thread 0x0000025177f85800 Implicit null exception at 0x000002510898e2ff to 0x000002510898e48e

Events (10 events):
Event: 13150.676 Executing VM operation: RevokeBias done
Event: 13150.676 Executing VM operation: RevokeBias
Event: 13150.676 Executing VM operation: RevokeBias done
Event: 13150.676 Executing VM operation: RevokeBias
Event: 13150.676 Executing VM operation: RevokeBias done
Event: 13150.676 Executing VM operation: RevokeBias
Event: 13150.677 Executing VM operation: RevokeBias done
Event: 13150.677 Executing VM operation: RevokeBias
Event: 13150.677 Executing VM operation: RevokeBias done
Event: 13150.685 Executing VM operation: G1Concurrent


Dynamic libraries:
0x00007ff6625b0000 - 0x00007ff6625bf000 	C:\Program Files\Java\jdk-12.0.1\bin\java.exe
0x00007ffb69810000 - 0x00007ffb699d1000 	C:\Windows\SYSTEM32\ntdll.dll
0x00007ffb67590000 - 0x00007ffb6763d000 	C:\Windows\system32\KERNEL32.DLL
0x00007ffb65ec0000 - 0x00007ffb660a8000 	C:\Windows\system32\KERNELBASE.dll
0x00007ffb5fd10000 - 0x00007ffb5fd28000 	C:\Program Files\Java\jdk-12.0.1\bin\jli.dll
0x00007ffb5be20000 - 0x00007ffb5be36000 	C:\Program Files\Java\jdk-12.0.1\bin\VCRUNTIME140.dll
0x00007ffb677d0000 - 0x00007ffb67877000 	C:\Windows\system32\ADVAPI32.dll
0x00007ffb67490000 - 0x00007ffb6752d000 	C:\Windows\system32\msvcrt.dll
0x00007ffb64d80000 - 0x00007ffb64e74000 	C:\Windows\SYSTEM32\ucrtbase.dll
0x00007ffb67e20000 - 0x00007ffb67e7c000 	C:\Windows\system32\sechost.dll
0x00007ffb67370000 - 0x00007ffb6748d000 	C:\Windows\system32\RPCRT4.dll
0x00007ffb67120000 - 0x00007ffb67276000 	C:\Windows\system32\USER32.dll
0x00007ffb67640000 - 0x00007ffb677c7000 	C:\Windows\system32\GDI32.dll
0x00007ffb62010000 - 0x00007ffb62284000 	C:\Windows\WinSxS\amd64_microsoft.windows.common-controls_6595b64144ccf1df_6.0.10586.839_none_a2ddba30a539a2ae\COMCTL32.dll
0x00007ffb66c10000 - 0x00007ffb66e8e000 	C:\Windows\system32\combase.dll
0x00007ffb644c0000 - 0x00007ffb644ca000 	C:\Windows\SYSTEM32\VERSION.dll
0x00007ffb66200000 - 0x00007ffb6626a000 	C:\Windows\system32\bcryptPrimitives.dll
0x00007ffb67280000 - 0x00007ffb672bb000 	C:\Windows\system32\IMM32.DLL
0x00007ffb472b0000 - 0x00007ffb4735a000 	C:\Program Files\Java\jdk-12.0.1\bin\msvcp140.dll
0x00007ffb37fb0000 - 0x00007ffb38b24000 	C:\Program Files\Java\jdk-12.0.1\bin\server\jvm.dll
0x00007ffb67e10000 - 0x00007ffb67e18000 	C:\Windows\system32\PSAPI.DLL
0x00007ffb659e0000 - 0x00007ffb659e9000 	C:\Windows\SYSTEM32\WSOCK32.dll
0x00007ffb63b70000 - 0x00007ffb63b93000 	C:\Windows\SYSTEM32\WINMM.dll
0x00007ffb67f00000 - 0x00007ffb67f6b000 	C:\Windows\system32\WS2_32.dll
0x0000025167470000 - 0x000002516749c000 	C:\Windows\SYSTEM32\WINMMBASE.dll
0x00007ffb66ab0000 - 0x00007ffb66af3000 	C:\Windows\system32\cfgmgr32.dll
0x00007ffb65ea0000 - 0x00007ffb65eaf000 	C:\Windows\system32\kernel.appcore.dll
0x00007ffb5bd00000 - 0x00007ffb5bd11000 	C:\Program Files\Java\jdk-12.0.1\bin\verify.dll
0x00007ffb47a80000 - 0x00007ffb47c0c000 	C:\Windows\SYSTEM32\DBGHELP.DLL
0x00007ffb4c600000 - 0x00007ffb4c625000 	C:\Windows\SYSTEM32\dbgcore.DLL
0x00007ffb58880000 - 0x00007ffb588a6000 	C:\Program Files\Java\jdk-12.0.1\bin\java.dll
0x00007ffb55e80000 - 0x00007ffb55e97000 	C:\Program Files\Java\jdk-12.0.1\bin\zip.dll
0x00007ffb61650000 - 0x00007ffb6165a000 	C:\Program Files\Java\jdk-12.0.1\bin\jimage.dll
0x00007ffb68050000 - 0x00007ffb695ac000 	C:\Windows\system32\SHELL32.dll
0x00007ffb66270000 - 0x00007ffb668b5000 	C:\Windows\system32\windows.storage.dll
0x00007ffb670c0000 - 0x00007ffb67112000 	C:\Windows\system32\shlwapi.dll
0x00007ffb660b0000 - 0x00007ffb66165000 	C:\Windows\system32\shcore.dll
0x00007ffb65e50000 - 0x00007ffb65e9b000 	C:\Windows\system32\powrprof.dll
0x00007ffb65e30000 - 0x00007ffb65e44000 	C:\Windows\system32\profapi.dll
0x00007ffb55e60000 - 0x00007ffb55e79000 	C:\Program Files\Java\jdk-12.0.1\bin\net.dll
0x00007ffb62990000 - 0x00007ffb62a57000 	C:\Windows\SYSTEM32\WINHTTP.dll
0x00007ffb56660000 - 0x00007ffb56817000 	C:\Windows\SYSTEM32\urlmon.dll
0x00007ffb5e470000 - 0x00007ffb5e7fa000 	C:\Windows\SYSTEM32\iertutil.dll
0x00007ffb65450000 - 0x00007ffb654ac000 	C:\Windows\system32\mswsock.dll
0x00007ffb55c70000 - 0x00007ffb55c83000 	C:\Program Files\Java\jdk-12.0.1\bin\nio.dll
0x00007ffb557f0000 - 0x00007ffb55816000 	C:\Users\vcareall\.gradle\native\29\windows-amd64\native-platform.dll
0x00007ffb5d300000 - 0x00007ffb5d309000 	C:\Program Files\Java\jdk-12.0.1\bin\management.dll
0x00007ffb5be10000 - 0x00007ffb5be1c000 	C:\Program Files\Java\jdk-12.0.1\bin\management_ext.dll
0x00007ffb65500000 - 0x00007ffb65517000 	C:\Windows\SYSTEM32\CRYPTSP.dll
0x00007ffb65190000 - 0x00007ffb651c4000 	C:\Windows\system32\rsaenh.dll
0x00007ffb65c70000 - 0x00007ffb65c99000 	C:\Windows\SYSTEM32\bcrypt.dll
0x00007ffb652e0000 - 0x00007ffb652ff000 	C:\Windows\SYSTEM32\USERENV.dll
0x00007ffb65620000 - 0x00007ffb6562b000 	C:\Windows\SYSTEM32\CRYPTBASE.dll
0x00007ffb61cd0000 - 0x00007ffb61d08000 	C:\Windows\SYSTEM32\IPHLPAPI.DLL
0x00007ffb67e80000 - 0x00007ffb67e88000 	C:\Windows\system32\NSI.dll
0x00007ffb5d330000 - 0x00007ffb5d346000 	C:\Windows\SYSTEM32\dhcpcsvc6.DLL
0x00007ffb5feb0000 - 0x00007ffb5feca000 	C:\Windows\SYSTEM32\dhcpcsvc.DLL

dbghelp: loaded successfully - version: 4.0.5 - missing functions: none
symbol engine: initialized successfully - sym options: 0x614 - pdb path: .;C:\Program Files\Java\jdk-12.0.1\bin;C:\Windows\SYSTEM32;C:\Windows\WinSxS\amd64_microsoft.windows.common-controls_6595b64144ccf1df_6.0.10586.839_none_a2ddba30a539a2ae;C:\Program Files\Java\jdk-12.0.1\bin\server;C:\Users\vcareall\.gradle\native\29\windows-amd64

VM Arguments:
jvm_args: --add-opens=java.base/java.util=ALL-UNNAMED --add-opens=java.base/java.lang=ALL-UNNAMED --add-opens=java.base/java.lang.invoke=ALL-UNNAMED --add-opens=java.prefs/java.util.prefs=ALL-UNNAMED -XX:MaxMetaspaceSize=256m -XX:+HeapDumpOnOutOfMemoryError -Xms256m -Xmx512m -Dfile.encoding=windows-1252 -Duser.country=US -Duser.language=en -Duser.variant 
java_command: org.gradle.launcher.daemon.bootstrap.GradleDaemon 5.4.1
java_class_path (initial): C:\Users\vcareall\.gradle\wrapper\dists\gradle-5.4.1-all\3221gyojl5jsh0helicew7rwx\gradle-5.4.1\lib\gradle-launcher-5.4.1.jar
Launcher Type: SUN_STANDARD

[Global flags]
     intx CICompilerCount                          = 3                                         {product} {ergonomic}
   size_t CompressedClassSpaceSize                 = 260046848                                 {product} {ergonomic}
     uint ConcGCThreads                            = 1                                         {product} {ergonomic}
     uint G1ConcRefinementThreads                  = 4                                         {product} {ergonomic}
   size_t G1HeapRegionSize                         = 1048576                                   {product} {ergonomic}
    uintx GCDrainStackTargetSize                   = 64                                        {product} {ergonomic}
     bool HeapDumpOnOutOfMemoryError               = true                                   {manageable} {command line}
   size_t InitialHeapSize                          = 268435456                                 {product} {command line}
   size_t MarkStackSize                            = 4194304                                   {product} {ergonomic}
   size_t MaxHeapSize                              = 536870912                                 {product} {command line}
   size_t MaxMetaspaceSize                         = 268435456                                 {product} {command line}
   size_t MaxNewSize                               = 321912832                                 {product} {ergonomic}
   size_t MinHeapDeltaBytes                        = 1048576                                   {product} {ergonomic}
    uintx NonNMethodCodeHeapSize                   = 5830732                                {pd product} {ergonomic}
    uintx NonProfiledCodeHeapSize                  = 122913754                              {pd product} {ergonomic}
    uintx ProfiledCodeHeapSize                     = 122913754                              {pd product} {ergonomic}
    uintx ReservedCodeCacheSize                    = 251658240                              {pd product} {ergonomic}
     bool SegmentedCodeCache                       = true                                      {product} {ergonomic}
     bool UseCompressedClassPointers               = true                                 {lp64_product} {ergonomic}
     bool UseCompressedOops                        = true                                 {lp64_product} {ergonomic}
     bool UseG1GC                                  = true                                      {product} {ergonomic}
     bool UseLargePagesIndividualAllocation        = false                                  {pd product} {ergonomic}

Logging:
Log output configuration:
 #0: stdout all=warning uptime,level,tags
 #1: stderr all=off uptime,level,tags

Environment Variables:
JAVA_HOME=C:\Program Files\Java\jdk-12.0.1
CLASSPATH=F:\aditya\reactnative\GuyHub\android\\gradle\wrapper\gradle-wrapper.jar
PATH=C:\Windows\system32;C:\Windows;C:\Windows\System32\Wbem;C:\Windows\System32\WindowsPowerShell\v1.0\;C:\Program Files\nodejs\;C:\Program Files (x86)\Bitvise SSH Client;C:\Program Files\Git\cmd;C:\Users\vcareall\AppData\Local\Programs\Microsoft VS Code\bin;C:\Users\vcareall\AppData\Roaming\npm;C:\Users\vcareall\AppData\Local\Android\Sdk\platform-tools
USERNAME=vcareall
OS=Windows_NT
PROCESSOR_IDENTIFIER=Intel64 Family 6 Model 69 Stepping 1, GenuineIntel



---------------  S Y S T E M  ---------------

OS: Windows 10 , 64 bit Build 10586 (10.0.10586.589)

CPU:total 4 (initial active 4) (2 cores per cpu, 2 threads per core) family 6 model 69 stepping 1, cmov, cx8, fxsr, mmx, sse, sse2, sse3, ssse3, sse4.1, sse4.2, popcnt, avx, avx2, aes, clmul, erms, lzcnt, ht, tsc, tscinvbit, bmi1, bmi2, fma

Memory: 4k page, system-wide physical 8095M (491M free)
TotalPageFile size 20525M (AvailPageFile size 42M)
current process WorkingSet (physical memory assigned to process): 549M, peak: 549M
current process commit charge ("private bytes"): 627M, peak: 662M

vm_info: Java HotSpot(TM) 64-Bit Server VM (12.0.1+12) for windows-amd64 JRE (12.0.1+12), built on Apr  2 2019 14:02:19 by "mach5one" with MS VC++ 15.5 (VS2017)

END.
